# JRE version: OpenJDK Runtime Environment (17.0.7) (build 17.0.7+0-b2043.56-10550314)
# Java VM: OpenJDK 64-Bit Server VM (17.0.7+0-b2043.56-10550314, mixed mode, tiered, compressed oops, compressed class ptrs, g1 gc, windows-amd64)
GC Precious Log:
 CPUs: 12 total, 12 available
 Memory: 7520M
 Large Page Support: Disabled
 NUMA Support: Disabled
 Compressed Oops: Enabled (32-bit)
 Heap Region Size: 1M
 Heap Min Capacity: 8M
 Heap Initial Capacity: 118M
 Heap Max Capacity: 2G
 Pre-touch: Disabled
 Parallel Workers: 10
 Concurrent Workers: 3
 Concurrent Refinement Workers: 10
 Periodic GC: Disabled
Heap:
 garbage-first heap   total 353280K, used 185971K [0x0000000080000000, 0x0000000100000000)
  region size 1024K, 12 young (12288K), 12 survivors (12288K)
 Metaspace       used 161338K, committed 162688K, reserved 1245184K
  class space    used 22138K, committed 22784K, reserved 1048576K
GC Heap History (20 events):
Event: 245.161 GC heap after
{Heap after GC invocations=71 (full 0):
 garbage-first heap   total 336896K, used 179440K [0x0000000080000000, 0x0000000100000000)
  region size 1024K, 2 young (2048K), 2 survivors (2048K)
 Metaspace       used 158170K, committed 159232K, reserved 1245184K
  class space    used 21966K, committed 22464K, reserved 1048576K
}
Event: 246.716 GC heap before
{Heap before GC invocations=71 (full 0):
 garbage-first heap   total 336896K, used 264432K [0x0000000080000000, 0x0000000100000000)
  region size 1024K, 86 young (88064K), 2 survivors (2048K)
 Metaspace       used 158596K, committed 159680K, reserved 1245184K
  class space    used 21998K, committed 22528K, reserved 1048576K
}
Event: 246.723 GC heap after
{Heap after GC invocations=72 (full 0):
 garbage-first heap   total 336896K, used 190691K [0x0000000080000000, 0x0000000100000000)
  region size 1024K, 11 young (11264K), 11 survivors (11264K)
 Metaspace       used 158596K, committed 159680K, reserved 1245184K
  class space    used 21998K, committed 22528K, reserved 1048576K
}
Event: 246.881 GC heap before
{Heap before GC invocations=72 (full 0):
 garbage-first heap   total 336896K, used 267491K [0x0000000080000000, 0x0000000100000000)
  region size 1024K, 87 young (89088K), 11 survivors (11264K)
 Metaspace       used 158644K, committed 159744K, reserved 1245184K
  class space    used 21998K, committed 22528K, reserved 1048576K
}
Event: 246.889 GC heap after
{Heap after GC invocations=73 (full 0):
 garbage-first heap   total 336896K, used 193925K [0x0000000080000000, 0x0000000100000000)
  region size 1024K, 4 young (4096K), 4 survivors (4096K)
 Metaspace       used 158644K, committed 159744K, reserved 1245184K
  class space    used 21998K, committed 22528K, reserved 1048576K
}
Event: 248.467 GC heap before
{Heap before GC invocations=73 (full 0):
 garbage-first heap   total 336896K, used 224645K [0x0000000080000000, 0x0000000100000000)
  region size 1024K, 36 young (36864K), 4 survivors (4096K)
 Metaspace       used 158700K, committed 159808K, reserved 1245184K
  class space    used 21999K, committed 22528K, reserved 1048576K
}
Event: 248.469 GC heap after
{Heap after GC invocations=74 (full 0):
 garbage-first heap   total 336896K, used 191965K [0x0000000080000000, 0x0000000100000000)
  region size 1024K, 2 young (2048K), 2 survivors (2048K)
 Metaspace       used 158700K, committed 159808K, reserved 1245184K
  class space    used 21999K, committed 22528K, reserved 1048576K
}
Event: 248.975 GC heap before
{Heap before GC invocations=75 (full 0):
 garbage-first heap   total 353280K, used 258525K [0x0000000080000000, 0x0000000100000000)
  region size 1024K, 85 young (87040K), 2 survivors (2048K)
 Metaspace       used 159121K, committed 160256K, reserved 1245184K
  class space    used 22001K, committed 22528K, reserved 1048576K
}
Event: 248.980 GC heap after
{Heap after GC invocations=76 (full 0):
 garbage-first heap   total 353280K, used 171435K [0x0000000080000000, 0x0000000100000000)
  region size 1024K, 2 young (2048K), 2 survivors (2048K)
 Metaspace       used 159121K, committed 160256K, reserved 1245184K
  class space    used 22001K, committed 22528K, reserved 1048576K
}
Event: 249.012 GC heap before
{Heap before GC invocations=76 (full 0):
 garbage-first heap   total 353280K, used 185771K [0x0000000080000000, 0x0000000100000000)
  region size 1024K, 17 young (17408K), 2 survivors (2048K)
 Metaspace       used 159181K, committed 160256K, reserved 1245184K
  class space    used 22001K, committed 22528K, reserved 1048576K
}
Event: 249.021 GC heap after
{Heap after GC invocations=77 (full 0):
 garbage-first heap   total 353280K, used 155085K [0x0000000080000000, 0x0000000100000000)
  region size 1024K, 3 young (3072K), 3 survivors (3072K)
 Metaspace       used 159181K, committed 160256K, reserved 1245184K
  class space    used 22001K, committed 22528K, reserved 1048576K
}
Event: 340.790 GC heap before
{Heap before GC invocations=77 (full 0):
 garbage-first heap   total 353280K, used 296397K [0x0000000080000000, 0x0000000100000000)
  region size 1024K, 127 young (130048K), 3 survivors (3072K)
 Metaspace       used 159668K, committed 160832K, reserved 1245184K
  class space    used 22019K, committed 22528K, reserved 1048576K
}
Event: 340.809 GC heap after
{Heap after GC invocations=78 (full 0):
 garbage-first heap   total 353280K, used 156756K [0x0000000080000000, 0x0000000100000000)
  region size 1024K, 5 young (5120K), 5 survivors (5120K)
 Metaspace       used 159668K, committed 160832K, reserved 1245184K
  class space    used 22019K, committed 22528K, reserved 1048576K
}
Event: 342.686 GC heap before
{Heap before GC invocations=78 (full 0):
 garbage-first heap   total 353280K, used 260180K [0x0000000080000000, 0x0000000100000000)
  region size 1024K, 108 young (110592K), 5 survivors (5120K)
 Metaspace       used 160099K, committed 161280K, reserved 1245184K
  class space    used 22035K, committed 22592K, reserved 1048576K
}
Event: 342.696 GC heap after
{Heap after GC invocations=79 (full 0):
 garbage-first heap   total 353280K, used 165823K [0x0000000080000000, 0x0000000100000000)
  region size 1024K, 14 young (14336K), 14 survivors (14336K)
 Metaspace       used 160099K, committed 161280K, reserved 1245184K
  class space    used 22035K, committed 22592K, reserved 1048576K
}
Event: 361.967 GC heap before
{Heap before GC invocations=80 (full 0):
 garbage-first heap   total 353280K, used 304063K [0x0000000080000000, 0x0000000100000000)
  region size 1024K, 134 young (137216K), 14 survivors (14336K)
 Metaspace       used 160529K, committed 161664K, reserved 1245184K
  class space    used 22041K, committed 22592K, reserved 1048576K
}
Event: 362.015 GC heap after
{Heap after GC invocations=81 (full 0):
 garbage-first heap   total 353280K, used 178682K [0x0000000080000000, 0x0000000100000000)
  region size 1024K, 15 young (15360K), 15 survivors (15360K)
 Metaspace       used 160529K, committed 161664K, reserved 1245184K
  class space    used 22041K, committed 22592K, reserved 1048576K
}
Event: 362.047 GC heap before
{Heap before GC invocations=81 (full 0):
 garbage-first heap   total 353280K, used 180730K [0x0000000080000000, 0x0000000100000000)
  region size 1024K, 17 young (17408K), 15 survivors (15360K)
 Metaspace       used 160530K, committed 161664K, reserved 1245184K
  class space    used 22041K, committed 22592K, reserved 1048576K
}
Event: 362.065 GC heap after
{Heap after GC invocations=82 (full 0):
 garbage-first heap   total 353280K, used 177053K [0x0000000080000000, 0x0000000100000000)
  region size 1024K, 3 young (3072K), 3 survivors (3072K)
 Metaspace       used 160530K, committed 161664K, reserved 1245184K
  class space    used 22041K, committed 22592K, reserved 1048576K
}
Event: 482.449 GC heap before
{Heap before GC invocations=82 (full 0):
 garbage-first heap   total 353280K, used 298909K [0x0000000080000000, 0x0000000100000000)
  region size 1024K, 109 young (111616K), 3 survivors (3072K)
 Metaspace       used 161338K, committed 162688K, reserved 1245184K
  class space    used 22138K, committed 22784K, reserved 1048576K
}

