# JRE version: OpenJDK Runtime Environment (17.0.7) (build 17.0.7+0-b2043.56-10550314)
# Java VM: OpenJDK 64-Bit Server VM (17.0.7+0-b2043.56-10550314, mixed mode, tiered, compressed oops, compressed class ptrs, g1 gc, windows-amd64)
GC Precious Log:
 CPUs: 12 total, 12 available
 Memory: 7520M
 Large Page Support: Disabled
 NUMA Support: Disabled
 Compressed Oops: Enabled (32-bit)
 Heap Region Size: 1M
 Heap Min Capacity: 8M
 Heap Initial Capacity: 118M
 Heap Max Capacity: 1882M
 Pre-touch: Disabled
 Parallel Workers: 10
 Concurrent Workers: 3
 Concurrent Refinement Workers: 10
 Periodic GC: Disabled
Heap:
 garbage-first heap   total 120832K, used 52491K [0x000000008a600000, 0x0000000100000000)
  region size 1024K, 5 young (5120K), 5 survivors (5120K)
 Metaspace       used 74776K, committed 75072K, reserved 1179648K
  class space    used 8826K, committed 8960K, reserved 1048576K
GC Heap History (20 events):
Event: 2.232 GC heap after
{Heap after GC invocations=10 (full 0):
 garbage-first heap   total 63488K, used 20255K [0x000000008a600000, 0x0000000100000000)
  region size 1024K, 4 young (4096K), 4 survivors (4096K)
 Metaspace       used 41390K, committed 41600K, reserved 1114112K
  class space    used 5085K, committed 5184K, reserved 1048576K
}
Event: 2.631 GC heap before
{Heap before GC invocations=10 (full 0):
 garbage-first heap   total 63488K, used 48927K [0x000000008a600000, 0x0000000100000000)
  region size 1024K, 30 young (30720K), 4 survivors (4096K)
 Metaspace       used 46563K, committed 46784K, reserved 1114112K
  class space    used 5712K, committed 5824K, reserved 1048576K
}
Event: 2.638 GC heap after
{Heap after GC invocations=11 (full 0):
 garbage-first heap   total 63488K, used 26455K [0x000000008a600000, 0x0000000100000000)
  region size 1024K, 4 young (4096K), 4 survivors (4096K)
 Metaspace       used 46563K, committed 46784K, reserved 1114112K
  class space    used 5712K, committed 5824K, reserved 1048576K
}
Event: 2.717 GC heap before
{Heap before GC invocations=11 (full 0):
 garbage-first heap   total 63488K, used 47959K [0x000000008a600000, 0x0000000100000000)
  region size 1024K, 25 young (25600K), 4 survivors (4096K)
 Metaspace       used 46792K, committed 47040K, reserved 1114112K
  class space    used 5718K, committed 5824K, reserved 1048576K
}
Event: 2.722 GC heap after
{Heap after GC invocations=12 (full 0):
 garbage-first heap   total 76800K, used 28117K [0x000000008a600000, 0x0000000100000000)
  region size 1024K, 2 young (2048K), 2 survivors (2048K)
 Metaspace       used 46792K, committed 47040K, reserved 1114112K
  class space    used 5718K, committed 5824K, reserved 1048576K
}
Event: 3.091 GC heap before
{Heap before GC invocations=12 (full 0):
 garbage-first heap   total 76800K, used 57813K [0x000000008a600000, 0x0000000100000000)
  region size 1024K, 31 young (31744K), 2 survivors (2048K)
 Metaspace       used 51376K, committed 51648K, reserved 1114112K
  class space    used 6243K, committed 6336K, reserved 1048576K
}
Event: 3.098 GC heap after
{Heap after GC invocations=13 (full 0):
 garbage-first heap   total 76800K, used 30497K [0x000000008a600000, 0x0000000100000000)
  region size 1024K, 4 young (4096K), 4 survivors (4096K)
 Metaspace       used 51376K, committed 51648K, reserved 1114112K
  class space    used 6243K, committed 6336K, reserved 1048576K
}
Event: 3.527 GC heap before
{Heap before GC invocations=13 (full 0):
 garbage-first heap   total 76800K, used 58145K [0x000000008a600000, 0x0000000100000000)
  region size 1024K, 31 young (31744K), 4 survivors (4096K)
 Metaspace       used 52437K, committed 52672K, reserved 1114112K
  class space    used 6266K, committed 6336K, reserved 1048576K
}
Event: 3.542 GC heap after
{Heap after GC invocations=14 (full 0):
 garbage-first heap   total 76800K, used 35360K [0x000000008a600000, 0x0000000100000000)
  region size 1024K, 4 young (4096K), 4 survivors (4096K)
 Metaspace       used 52437K, committed 52672K, reserved 1114112K
  class space    used 6266K, committed 6336K, reserved 1048576K
}
Event: 3.746 GC heap before
{Heap before GC invocations=14 (full 0):
 garbage-first heap   total 76800K, used 58912K [0x000000008a600000, 0x0000000100000000)
  region size 1024K, 27 young (27648K), 4 survivors (4096K)
 Metaspace       used 52996K, committed 53184K, reserved 1114112K
  class space    used 6317K, committed 6400K, reserved 1048576K
}
Event: 3.755 GC heap after
{Heap after GC invocations=15 (full 0):
 garbage-first heap   total 76800K, used 38634K [0x000000008a600000, 0x0000000100000000)
  region size 1024K, 3 young (3072K), 3 survivors (3072K)
 Metaspace       used 52996K, committed 53184K, reserved 1114112K
  class space    used 6317K, committed 6400K, reserved 1048576K
}
Event: 4.132 GC heap before
{Heap before GC invocations=15 (full 0):
 garbage-first heap   total 76800K, used 60138K [0x000000008a600000, 0x0000000100000000)
  region size 1024K, 24 young (24576K), 3 survivors (3072K)
 Metaspace       used 58416K, committed 58624K, reserved 1114112K
  class space    used 7103K, committed 7168K, reserved 1048576K
}
Event: 4.140 GC heap after
{Heap after GC invocations=16 (full 0):
 garbage-first heap   total 105472K, used 40340K [0x000000008a600000, 0x0000000100000000)
  region size 1024K, 2 young (2048K), 2 survivors (2048K)
 Metaspace       used 58416K, committed 58624K, reserved 1114112K
  class space    used 7103K, committed 7168K, reserved 1048576K
}
Event: 4.930 GC heap before
{Heap before GC invocations=17 (full 0):
 garbage-first heap   total 105472K, used 80276K [0x000000008a600000, 0x0000000100000000)
  region size 1024K, 41 young (41984K), 2 survivors (2048K)
 Metaspace       used 65225K, committed 65536K, reserved 1114112K
  class space    used 7836K, committed 8000K, reserved 1048576K
}
Event: 4.940 GC heap after
{Heap after GC invocations=18 (full 0):
 garbage-first heap   total 105472K, used 45371K [0x000000008a600000, 0x0000000100000000)
  region size 1024K, 6 young (6144K), 6 survivors (6144K)
 Metaspace       used 65225K, committed 65536K, reserved 1114112K
  class space    used 7836K, committed 8000K, reserved 1048576K
}
Event: 4.956 GC heap before
{Heap before GC invocations=18 (full 0):
 garbage-first heap   total 105472K, used 46395K [0x000000008a600000, 0x0000000100000000)
  region size 1024K, 7 young (7168K), 6 survivors (6144K)
 Metaspace       used 65445K, committed 65728K, reserved 1114112K
  class space    used 7860K, committed 8000K, reserved 1048576K
}
Event: 4.963 GC heap after
{Heap after GC invocations=19 (full 0):
 garbage-first heap   total 105472K, used 45532K [0x000000008a600000, 0x0000000100000000)
  region size 1024K, 1 young (1024K), 1 survivors (1024K)
 Metaspace       used 65445K, committed 65728K, reserved 1114112K
  class space    used 7860K, committed 8000K, reserved 1048576K
}
Event: 5.512 GC heap before
{Heap before GC invocations=19 (full 0):
 garbage-first heap   total 105472K, used 80348K [0x000000008a600000, 0x0000000100000000)
  region size 1024K, 35 young (35840K), 1 survivors (1024K)
 Metaspace       used 71052K, committed 71360K, reserved 1114112K
  class space    used 8450K, committed 8576K, reserved 1048576K
}
Event: 5.518 GC heap after
{Heap after GC invocations=20 (full 0):
 garbage-first heap   total 105472K, used 47985K [0x000000008a600000, 0x0000000100000000)
  region size 1024K, 4 young (4096K), 4 survivors (4096K)
 Metaspace       used 71052K, committed 71360K, reserved 1114112K
  class space    used 8450K, committed 8576K, reserved 1048576K
}
Event: 5.870 GC heap before
{Heap before GC invocations=20 (full 0):
 garbage-first heap   total 105472K, used 80753K [0x000000008a600000, 0x0000000100000000)
  region size 1024K, 36 young (36864K), 4 survivors (4096K)
 Metaspace       used 74776K, committed 75072K, reserved 1179648K
  class space    used 8826K, committed 8960K, reserved 1048576K
}

