# JRE version: OpenJDK Runtime Environment (17.0.7) (build 17.0.7+0-b2043.56-10550314)
# Java VM: OpenJDK 64-Bit Server VM (17.0.7+0-b2043.56-10550314, mixed mode, tiered, compressed oops, compressed class ptrs, g1 gc, windows-amd64)
GC Precious Log:
 CPUs: 12 total, 12 available
 Memory: 7520M
 Large Page Support: Disabled
 NUMA Support: Disabled
 Compressed Oops: Enabled (32-bit)
 Heap Region Size: 1M
 Heap Min Capacity: 8M
 Heap Initial Capacity: 118M
 Heap Max Capacity: 2G
 Pre-touch: Disabled
 Parallel Workers: 10
 Concurrent Workers: 3
 Concurrent Refinement Workers: 10
 Periodic GC: Disabled
Heap:
 garbage-first heap   total 467968K, used 232589K [0x0000000080000000, 0x0000000100000000)
  region size 1024K, 2 young (2048K), 2 survivors (2048K)
 Metaspace       used 164397K, committed 166144K, reserved 1245184K
  class space    used 21642K, committed 22464K, reserved 1048576K
GC Heap History (20 events):
Event: 859.017 GC heap after
{Heap after GC invocations=93 (full 0):
 garbage-first heap   total 372736K, used 301984K [0x0000000080000000, 0x0000000100000000)
  region size 1024K, 4 young (4096K), 4 survivors (4096K)
 Metaspace       used 162180K, committed 163648K, reserved 1245184K
  class space    used 21281K, committed 21952K, reserved 1048576K
}
Event: 859.144 GC heap before
{Heap before GC invocations=93 (full 0):
 garbage-first heap   total 372736K, used 323488K [0x0000000080000000, 0x0000000100000000)
  region size 1024K, 26 young (26624K), 4 survivors (4096K)
 Metaspace       used 162189K, committed 163648K, reserved 1245184K
  class space    used 21281K, committed 21952K, reserved 1048576K
}
Event: 859.151 GC heap after
{Heap after GC invocations=94 (full 0):
 garbage-first heap   total 372736K, used 302936K [0x0000000080000000, 0x0000000100000000)
  region size 1024K, 2 young (2048K), 2 survivors (2048K)
 Metaspace       used 162189K, committed 163648K, reserved 1245184K
  class space    used 21281K, committed 21952K, reserved 1048576K
}
Event: 908.485 GC heap before
{Heap before GC invocations=94 (full 0):
 garbage-first heap   total 372736K, used 338776K [0x0000000080000000, 0x0000000100000000)
  region size 1024K, 24 young (24576K), 2 survivors (2048K)
 Metaspace       used 162205K, committed 163712K, reserved 1245184K
  class space    used 21281K, committed 21952K, reserved 1048576K
}
Event: 908.488 GC heap after
{Heap after GC invocations=95 (full 0):
 garbage-first heap   total 372736K, used 303925K [0x0000000080000000, 0x0000000100000000)
  region size 1024K, 3 young (3072K), 3 survivors (3072K)
 Metaspace       used 162205K, committed 163712K, reserved 1245184K
  class space    used 21281K, committed 21952K, reserved 1048576K
}
Event: 908.653 GC heap before
{Heap before GC invocations=95 (full 0):
 garbage-first heap   total 372736K, used 326453K [0x0000000080000000, 0x0000000100000000)
  region size 1024K, 25 young (25600K), 3 survivors (3072K)
 Metaspace       used 162233K, committed 163712K, reserved 1245184K
  class space    used 21281K, committed 21952K, reserved 1048576K
}
Event: 908.659 GC heap after
{Heap after GC invocations=96 (full 0):
 garbage-first heap   total 372736K, used 306137K [0x0000000080000000, 0x0000000100000000)
  region size 1024K, 4 young (4096K), 4 survivors (4096K)
 Metaspace       used 162233K, committed 163712K, reserved 1245184K
  class space    used 21281K, committed 21952K, reserved 1048576K
}
Event: 908.852 GC heap before
{Heap before GC invocations=96 (full 0):
 garbage-first heap   total 372736K, used 326617K [0x0000000080000000, 0x0000000100000000)
  region size 1024K, 24 young (24576K), 4 survivors (4096K)
 Metaspace       used 162293K, committed 163776K, reserved 1245184K
  class space    used 21281K, committed 21952K, reserved 1048576K
}
Event: 908.863 GC heap after
{Heap after GC invocations=97 (full 0):
 garbage-first heap   total 372736K, used 309498K [0x0000000080000000, 0x0000000100000000)
  region size 1024K, 3 young (3072K), 3 survivors (3072K)
 Metaspace       used 162293K, committed 163776K, reserved 1245184K
  class space    used 21281K, committed 21952K, reserved 1048576K
}
Event: 909.040 GC heap before
{Heap before GC invocations=97 (full 0):
 garbage-first heap   total 372736K, used 325882K [0x0000000080000000, 0x0000000100000000)
  region size 1024K, 20 young (20480K), 3 survivors (3072K)
 Metaspace       used 162310K, committed 163840K, reserved 1245184K
  class space    used 21282K, committed 22016K, reserved 1048576K
}
Event: 909.044 GC heap after
{Heap after GC invocations=98 (full 0):
 garbage-first heap   total 372736K, used 311532K [0x0000000080000000, 0x0000000100000000)
  region size 1024K, 2 young (2048K), 2 survivors (2048K)
 Metaspace       used 162310K, committed 163840K, reserved 1245184K
  class space    used 21282K, committed 22016K, reserved 1048576K
}
Event: 911.195 GC heap before
{Heap before GC invocations=98 (full 0):
 garbage-first heap   total 372736K, used 326892K [0x0000000080000000, 0x0000000100000000)
  region size 1024K, 18 young (18432K), 2 survivors (2048K)
 Metaspace       used 162734K, committed 164352K, reserved 1245184K
  class space    used 21368K, committed 22144K, reserved 1048576K
}
Event: 911.198 GC heap after
{Heap after GC invocations=99 (full 0):
 garbage-first heap   total 372736K, used 312429K [0x0000000080000000, 0x0000000100000000)
  region size 1024K, 3 young (3072K), 3 survivors (3072K)
 Metaspace       used 162734K, committed 164352K, reserved 1245184K
  class space    used 21368K, committed 22144K, reserved 1048576K
}
Event: 985.599 GC heap before
{Heap before GC invocations=99 (full 0):
 garbage-first heap   total 372736K, used 331885K [0x0000000080000000, 0x0000000100000000)
  region size 1024K, 17 young (17408K), 3 survivors (3072K)
 Metaspace       used 163075K, committed 164736K, reserved 1245184K
  class space    used 21432K, committed 22208K, reserved 1048576K
}
Event: 985.612 GC heap after
{Heap after GC invocations=100 (full 0):
 garbage-first heap   total 372736K, used 322108K [0x0000000080000000, 0x0000000100000000)
  region size 1024K, 3 young (3072K), 3 survivors (3072K)
 Metaspace       used 163075K, committed 164736K, reserved 1245184K
  class space    used 21432K, committed 22208K, reserved 1048576K
}
Event: 985.672 GC heap before
{Heap before GC invocations=100 (full 0):
 garbage-first heap   total 372736K, used 334396K [0x0000000080000000, 0x0000000100000000)
  region size 1024K, 4 young (4096K), 3 survivors (3072K)
 Metaspace       used 163075K, committed 164736K, reserved 1245184K
  class space    used 21432K, committed 22208K, reserved 1048576K
}
Event: 985.675 GC heap after
{Heap after GC invocations=101 (full 0):
 garbage-first heap   total 372736K, used 334349K [0x0000000080000000, 0x0000000100000000)
  region size 1024K, 1 young (1024K), 1 survivors (1024K)
 Metaspace       used 163075K, committed 164736K, reserved 1245184K
  class space    used 21432K, committed 22208K, reserved 1048576K
}
Event: 986.260 GC heap before
{Heap before GC invocations=102 (full 0):
 garbage-first heap   total 467968K, used 287245K [0x0000000080000000, 0x0000000100000000)
  region size 1024K, 18 young (18432K), 1 survivors (1024K)
 Metaspace       used 163709K, committed 165440K, reserved 1245184K
  class space    used 21561K, committed 22336K, reserved 1048576K
}
Event: 986.304 GC heap after
{Heap after GC invocations=103 (full 0):
 garbage-first heap   total 467968K, used 275475K [0x0000000080000000, 0x0000000100000000)
  region size 1024K, 3 young (3072K), 3 survivors (3072K)
 Metaspace       used 163709K, committed 165440K, reserved 1245184K
  class space    used 21561K, committed 22336K, reserved 1048576K
}
Event: 986.528 GC heap before
{Heap before GC invocations=103 (full 0):
 garbage-first heap   total 467968K, used 296979K [0x0000000080000000, 0x0000000100000000)
  region size 1024K, 22 young (22528K), 3 survivors (3072K)
 Metaspace       used 164397K, committed 166144K, reserved 1245184K
  class space    used 21642K, committed 22464K, reserved 1048576K
}

