# JRE version: OpenJDK Runtime Environment (17.0.7) (build 17.0.7+0-b2043.56-10550314)
# Java VM: OpenJDK 64-Bit Server VM (17.0.7+0-b2043.56-10550314, mixed mode, tiered, compressed oops, compressed class ptrs, g1 gc, windows-amd64)
GC Precious Log:
 CPUs: 12 total, 12 available
 Memory: 7520M
 Large Page Support: Disabled
 NUMA Support: Disabled
 Compressed Oops: Enabled (32-bit)
 Heap Region Size: 1M
 Heap Min Capacity: 8M
 Heap Initial Capacity: 118M
 Heap Max Capacity: 2G
 Pre-touch: Disabled
 Parallel Workers: 10
 Concurrent Workers: 3
 Concurrent Refinement Workers: 10
 Periodic GC: Disabled
Heap:
 garbage-first heap   total 460800K, used 382766K [0x0000000080000000, 0x0000000100000000)
  region size 1024K, 3 young (3072K), 3 survivors (3072K)
 Metaspace       used 182254K, committed 183936K, reserved 1245184K
  class space    used 25263K, committed 26048K, reserved 1048576K
GC Heap History (20 events):
Event: 1358.947 GC heap after
{Heap after GC invocations=77 (full 0):
 garbage-first heap   total 460800K, used 333020K [0x0000000080000000, 0x0000000100000000)
  region size 1024K, 6 young (6144K), 6 survivors (6144K)
 Metaspace       used 180761K, committed 182400K, reserved 1245184K
  class space    used 25125K, committed 25920K, reserved 1048576K
}
Event: 1359.172 GC heap before
{Heap before GC invocations=77 (full 0):
 garbage-first heap   total 460800K, used 395484K [0x0000000080000000, 0x0000000100000000)
  region size 1024K, 65 young (66560K), 6 survivors (6144K)
 Metaspace       used 180873K, committed 182528K, reserved 1245184K
  class space    used 25133K, committed 25920K, reserved 1048576K
}
Event: 1359.181 GC heap after
{Heap after GC invocations=78 (full 0):
 garbage-first heap   total 460800K, used 354098K [0x0000000080000000, 0x0000000100000000)
  region size 1024K, 9 young (9216K), 9 survivors (9216K)
 Metaspace       used 180873K, committed 182528K, reserved 1245184K
  class space    used 25133K, committed 25920K, reserved 1048576K
}
Event: 1359.321 GC heap before
{Heap before GC invocations=78 (full 0):
 garbage-first heap   total 460800K, used 415538K [0x0000000080000000, 0x0000000100000000)
  region size 1024K, 42 young (43008K), 9 survivors (9216K)
 Metaspace       used 180901K, committed 182528K, reserved 1245184K
  class space    used 25134K, committed 25920K, reserved 1048576K
}
Event: 1359.327 GC heap after
{Heap after GC invocations=79 (full 0):
 garbage-first heap   total 460800K, used 360266K [0x0000000080000000, 0x0000000100000000)
  region size 1024K, 6 young (6144K), 6 survivors (6144K)
 Metaspace       used 180901K, committed 182528K, reserved 1245184K
  class space    used 25134K, committed 25920K, reserved 1048576K
}
Event: 1359.693 GC heap before
{Heap before GC invocations=79 (full 0):
 garbage-first heap   total 460800K, used 390986K [0x0000000080000000, 0x0000000100000000)
  region size 1024K, 37 young (37888K), 6 survivors (6144K)
 Metaspace       used 182016K, committed 183616K, reserved 1245184K
  class space    used 25260K, committed 26048K, reserved 1048576K
}
Event: 1359.699 GC heap after
{Heap after GC invocations=80 (full 0):
 garbage-first heap   total 460800K, used 363017K [0x0000000080000000, 0x0000000100000000)
  region size 1024K, 3 young (3072K), 3 survivors (3072K)
 Metaspace       used 182016K, committed 183616K, reserved 1245184K
  class space    used 25260K, committed 26048K, reserved 1048576K
}
Event: 1360.587 GC heap before
{Heap before GC invocations=80 (full 0):
 garbage-first heap   total 460800K, used 393737K [0x0000000080000000, 0x0000000100000000)
  region size 1024K, 34 young (34816K), 3 survivors (3072K)
 Metaspace       used 182032K, committed 183680K, reserved 1245184K
  class space    used 25261K, committed 26048K, reserved 1048576K
}
Event: 1360.589 GC heap after
{Heap after GC invocations=81 (full 0):
 garbage-first heap   total 460800K, used 362812K [0x0000000080000000, 0x0000000100000000)
  region size 1024K, 2 young (2048K), 2 survivors (2048K)
 Metaspace       used 182032K, committed 183680K, reserved 1245184K
  class space    used 25261K, committed 26048K, reserved 1048576K
}
Event: 1360.615 GC heap before
{Heap before GC invocations=81 (full 0):
 garbage-first heap   total 460800K, used 395580K [0x0000000080000000, 0x0000000100000000)
  region size 1024K, 35 young (35840K), 2 survivors (2048K)
 Metaspace       used 182033K, committed 183680K, reserved 1245184K
  class space    used 25261K, committed 26048K, reserved 1048576K
}
Event: 1360.618 GC heap after
{Heap after GC invocations=82 (full 0):
 garbage-first heap   total 460800K, used 363686K [0x0000000080000000, 0x0000000100000000)
  region size 1024K, 3 young (3072K), 3 survivors (3072K)
 Metaspace       used 182033K, committed 183680K, reserved 1245184K
  class space    used 25261K, committed 26048K, reserved 1048576K
}
Event: 1360.716 GC heap before
{Heap before GC invocations=82 (full 0):
 garbage-first heap   total 460800K, used 398502K [0x0000000080000000, 0x0000000100000000)
  region size 1024K, 38 young (38912K), 3 survivors (3072K)
 Metaspace       used 182063K, committed 183744K, reserved 1245184K
  class space    used 25263K, committed 26048K, reserved 1048576K
}
Event: 1360.717 GC heap after
{Heap after GC invocations=83 (full 0):
 garbage-first heap   total 460800K, used 362969K [0x0000000080000000, 0x0000000100000000)
  region size 1024K, 1 young (1024K), 1 survivors (1024K)
 Metaspace       used 182063K, committed 183744K, reserved 1245184K
  class space    used 25263K, committed 26048K, reserved 1048576K
}
Event: 1362.487 GC heap before
{Heap before GC invocations=83 (full 0):
 garbage-first heap   total 460800K, used 402905K [0x0000000080000000, 0x0000000100000000)
  region size 1024K, 39 young (39936K), 1 survivors (1024K)
 Metaspace       used 182138K, committed 183808K, reserved 1245184K
  class space    used 25263K, committed 26048K, reserved 1048576K
}
Event: 1362.490 GC heap after
{Heap after GC invocations=84 (full 0):
 garbage-first heap   total 460800K, used 370471K [0x0000000080000000, 0x0000000100000000)
  region size 1024K, 5 young (5120K), 5 survivors (5120K)
 Metaspace       used 182138K, committed 183808K, reserved 1245184K
  class space    used 25263K, committed 26048K, reserved 1048576K
}
Event: 1362.745 GC heap before
{Heap before GC invocations=84 (full 0):
 garbage-first heap   total 460800K, used 402215K [0x0000000080000000, 0x0000000100000000)
  region size 1024K, 35 young (35840K), 5 survivors (5120K)
 Metaspace       used 182207K, committed 183872K, reserved 1245184K
  class space    used 25263K, committed 26048K, reserved 1048576K
}
Event: 1362.748 GC heap after
{Heap after GC invocations=85 (full 0):
 garbage-first heap   total 460800K, used 372499K [0x0000000080000000, 0x0000000100000000)
  region size 1024K, 4 young (4096K), 4 survivors (4096K)
 Metaspace       used 182207K, committed 183872K, reserved 1245184K
  class space    used 25263K, committed 26048K, reserved 1048576K
}
Event: 1362.773 GC heap before
{Heap before GC invocations=85 (full 0):
 garbage-first heap   total 460800K, used 400147K [0x0000000080000000, 0x0000000100000000)
  region size 1024K, 32 young (32768K), 4 survivors (4096K)
 Metaspace       used 182233K, committed 183872K, reserved 1245184K
  class space    used 25263K, committed 26048K, reserved 1048576K
}
Event: 1362.782 GC heap after
{Heap after GC invocations=86 (full 0):
 garbage-first heap   total 460800K, used 380245K [0x0000000080000000, 0x0000000100000000)
  region size 1024K, 4 young (4096K), 4 survivors (4096K)
 Metaspace       used 182233K, committed 183872K, reserved 1245184K
  class space    used 25263K, committed 26048K, reserved 1048576K
}
Event: 1362.802 GC heap before
{Heap before GC invocations=86 (full 0):
 garbage-first heap   total 460800K, used 400725K [0x0000000080000000, 0x0000000100000000)
  region size 1024K, 24 young (24576K), 4 survivors (4096K)
 Metaspace       used 182254K, committed 183936K, reserved 1245184K
  class space    used 25263K, committed 26048K, reserved 1048576K
}

