# JRE version: OpenJDK Runtime Environment (17.0.7) (build 17.0.7+0-b2043.56-10550314)
# Java VM: OpenJDK 64-Bit Server VM (17.0.7+0-b2043.56-10550314, mixed mode, tiered, compressed oops, compressed class ptrs, g1 gc, windows-amd64)
GC Precious Log:
 CPUs: 12 total, 12 available
 Memory: 7520M
 Large Page Support: Disabled
 NUMA Support: Disabled
 Compressed Oops: Enabled (32-bit)
 Heap Region Size: 1M
 Heap Min Capacity: 8M
 Heap Initial Capacity: 118M
 Heap Max Capacity: 2G
 Pre-touch: Disabled
 Parallel Workers: 10
 Concurrent Workers: 3
 Concurrent Refinement Workers: 10
 Periodic GC: Disabled
Heap:
 garbage-first heap   total 299008K, used 201728K [0x0000000080000000, 0x0000000100000000)
  region size 1024K, 8 young (8192K), 8 survivors (8192K)
 Metaspace       used 115569K, committed 116352K, reserved 1179648K
  class space    used 15974K, committed 16384K, reserved 1048576K
GC Heap History (20 events):
Event: 14.098 GC heap after
{Heap after GC invocations=55 (full 0):
 garbage-first heap   total 235520K, used 117224K [0x0000000080000000, 0x0000000100000000)
  region size 1024K, 8 young (8192K), 8 survivors (8192K)
 Metaspace       used 102710K, committed 103424K, reserved 1179648K
  class space    used 14116K, committed 14464K, reserved 1048576K
}
Event: 14.681 GC heap before
{Heap before GC invocations=55 (full 0):
 garbage-first heap   total 235520K, used 188904K [0x0000000080000000, 0x0000000100000000)
  region size 1024K, 79 young (80896K), 8 survivors (8192K)
 Metaspace       used 104024K, committed 104768K, reserved 1179648K
  class space    used 14288K, committed 14656K, reserved 1048576K
}
Event: 14.689 GC heap after
{Heap after GC invocations=56 (full 0):
 garbage-first heap   total 235520K, used 123850K [0x0000000080000000, 0x0000000100000000)
  region size 1024K, 8 young (8192K), 8 survivors (8192K)
 Metaspace       used 104024K, committed 104768K, reserved 1179648K
  class space    used 14288K, committed 14656K, reserved 1048576K
}
Event: 14.961 GC heap before
{Heap before GC invocations=56 (full 0):
 garbage-first heap   total 235520K, used 190410K [0x0000000080000000, 0x0000000100000000)
  region size 1024K, 74 young (75776K), 8 survivors (8192K)
 Metaspace       used 105757K, committed 106432K, reserved 1179648K
  class space    used 14495K, committed 14848K, reserved 1048576K
}
Event: 14.968 GC heap after
{Heap after GC invocations=57 (full 0):
 garbage-first heap   total 235520K, used 128711K [0x0000000080000000, 0x0000000100000000)
  region size 1024K, 7 young (7168K), 7 survivors (7168K)
 Metaspace       used 105757K, committed 106432K, reserved 1179648K
  class space    used 14495K, committed 14848K, reserved 1048576K
}
Event: 15.120 GC heap before
{Heap before GC invocations=57 (full 0):
 garbage-first heap   total 235520K, used 193223K [0x0000000080000000, 0x0000000100000000)
  region size 1024K, 69 young (70656K), 7 survivors (7168K)
 Metaspace       used 106736K, committed 107456K, reserved 1179648K
  class space    used 14622K, committed 14976K, reserved 1048576K
}
Event: 15.127 GC heap after
{Heap after GC invocations=58 (full 0):
 garbage-first heap   total 235520K, used 143753K [0x0000000080000000, 0x0000000100000000)
  region size 1024K, 9 young (9216K), 9 survivors (9216K)
 Metaspace       used 106736K, committed 107456K, reserved 1179648K
  class space    used 14622K, committed 14976K, reserved 1048576K
}
Event: 15.579 GC heap before
{Heap before GC invocations=58 (full 0):
 garbage-first heap   total 235520K, used 190856K [0x0000000080000000, 0x0000000100000000)
  region size 1024K, 56 young (57344K), 9 survivors (9216K)
 Metaspace       used 110026K, committed 110720K, reserved 1179648K
  class space    used 15123K, committed 15488K, reserved 1048576K
}
Event: 15.583 GC heap after
{Heap after GC invocations=59 (full 0):
 garbage-first heap   total 235520K, used 146608K [0x0000000080000000, 0x0000000100000000)
  region size 1024K, 7 young (7168K), 7 survivors (7168K)
 Metaspace       used 110026K, committed 110720K, reserved 1179648K
  class space    used 15123K, committed 15488K, reserved 1048576K
}
Event: 15.706 GC heap before
{Heap before GC invocations=59 (full 0):
 garbage-first heap   total 235520K, used 190640K [0x0000000080000000, 0x0000000100000000)
  region size 1024K, 51 young (52224K), 7 survivors (7168K)
 Metaspace       used 110483K, committed 111232K, reserved 1179648K
  class space    used 15161K, committed 15552K, reserved 1048576K
}
Event: 15.714 GC heap after
{Heap after GC invocations=60 (full 0):
 garbage-first heap   total 235520K, used 154318K [0x0000000080000000, 0x0000000100000000)
  region size 1024K, 7 young (7168K), 7 survivors (7168K)
 Metaspace       used 110483K, committed 111232K, reserved 1179648K
  class space    used 15161K, committed 15552K, reserved 1048576K
}
Event: 15.771 GC heap before
{Heap before GC invocations=60 (full 0):
 garbage-first heap   total 235520K, used 193230K [0x0000000080000000, 0x0000000100000000)
  region size 1024K, 45 young (46080K), 7 survivors (7168K)
 Metaspace       used 110854K, committed 111616K, reserved 1179648K
  class space    used 15208K, committed 15616K, reserved 1048576K
}
Event: 15.780 GC heap after
{Heap after GC invocations=61 (full 0):
 garbage-first heap   total 299008K, used 161647K [0x0000000080000000, 0x0000000100000000)
  region size 1024K, 6 young (6144K), 6 survivors (6144K)
 Metaspace       used 110854K, committed 111616K, reserved 1179648K
  class space    used 15208K, committed 15616K, reserved 1048576K
}
Event: 16.081 GC heap before
{Heap before GC invocations=61 (full 0):
 garbage-first heap   total 299008K, used 234351K [0x0000000080000000, 0x0000000100000000)
  region size 1024K, 77 young (78848K), 6 survivors (6144K)
 Metaspace       used 112618K, committed 113280K, reserved 1179648K
  class space    used 15512K, committed 15872K, reserved 1048576K
}
Event: 16.093 GC heap after
{Heap after GC invocations=62 (full 0):
 garbage-first heap   total 299008K, used 174369K [0x0000000080000000, 0x0000000100000000)
  region size 1024K, 10 young (10240K), 10 survivors (10240K)
 Metaspace       used 112618K, committed 113280K, reserved 1179648K
  class space    used 15512K, committed 15872K, reserved 1048576K
}
Event: 16.258 GC heap before
{Heap before GC invocations=62 (full 0):
 garbage-first heap   total 299008K, used 237857K [0x0000000080000000, 0x0000000100000000)
  region size 1024K, 72 young (73728K), 10 survivors (10240K)
 Metaspace       used 113748K, committed 114496K, reserved 1179648K
  class space    used 15631K, committed 16000K, reserved 1048576K
}
Event: 16.270 GC heap after
{Heap after GC invocations=63 (full 0):
 garbage-first heap   total 299008K, used 184476K [0x0000000080000000, 0x0000000100000000)
  region size 1024K, 9 young (9216K), 9 survivors (9216K)
 Metaspace       used 113748K, committed 114496K, reserved 1179648K
  class space    used 15631K, committed 16000K, reserved 1048576K
}
Event: 16.466 GC heap before
{Heap before GC invocations=63 (full 0):
 garbage-first heap   total 299008K, used 240796K [0x0000000080000000, 0x0000000100000000)
  region size 1024K, 65 young (66560K), 9 survivors (9216K)
 Metaspace       used 115402K, committed 116160K, reserved 1179648K
  class space    used 15948K, committed 16320K, reserved 1048576K
}
Event: 16.476 GC heap after
{Heap after GC invocations=64 (full 0):
 garbage-first heap   total 299008K, used 193421K [0x0000000080000000, 0x0000000100000000)
  region size 1024K, 9 young (9216K), 9 survivors (9216K)
 Metaspace       used 115402K, committed 116160K, reserved 1179648K
  class space    used 15948K, committed 16320K, reserved 1048576K
}
Event: 16.534 GC heap before
{Heap before GC invocations=64 (full 0):
 garbage-first heap   total 299008K, used 245645K [0x0000000080000000, 0x0000000100000000)
  region size 1024K, 60 young (61440K), 9 survivors (9216K)
 Metaspace       used 115569K, committed 116352K, reserved 1179648K
  class space    used 15974K, committed 16384K, reserved 1048576K
}

