# JRE version: OpenJDK Runtime Environment (17.0.7) (build 17.0.7+0-b2043.56-10550314)
# Java VM: OpenJDK 64-Bit Server VM (17.0.7+0-b2043.56-10550314, mixed mode, tiered, compressed oops, compressed class ptrs, g1 gc, windows-amd64)
GC Precious Log:
 CPUs: 12 total, 12 available
 Memory: 7520M
 Large Page Support: Disabled
 NUMA Support: Disabled
 Compressed Oops: Enabled (32-bit)
 Heap Region Size: 1M
 Heap Min Capacity: 8M
 Heap Initial Capacity: 118M
 Heap Max Capacity: 2G
 Pre-touch: Disabled
 Parallel Workers: 10
 Concurrent Workers: 3
 Concurrent Refinement Workers: 10
 Periodic GC: Disabled
Heap:
 garbage-first heap   total 350208K, used 326559K [0x0000000080000000, 0x0000000100000000)
  region size 1024K, 11 young (11264K), 3 survivors (3072K)
 Metaspace       used 179276K, committed 180800K, reserved 1245184K
  class space    used 25166K, committed 25920K, reserved 1048576K
GC Heap History (20 events):
Event: 82.897 GC heap before
{Heap before GC invocations=100 (full 0):
 garbage-first heap   total 350208K, used 306425K [0x0000000080000000, 0x0000000100000000)
  region size 1024K, 26 young (26624K), 3 survivors (3072K)
 Metaspace       used 178474K, committed 179904K, reserved 1245184K
  class space    used 25118K, committed 25856K, reserved 1048576K
}
Event: 82.901 GC heap after
{Heap after GC invocations=101 (full 0):
 garbage-first heap   total 350208K, used 285453K [0x0000000080000000, 0x0000000100000000)
  region size 1024K, 4 young (4096K), 4 survivors (4096K)
 Metaspace       used 178474K, committed 179904K, reserved 1245184K
  class space    used 25118K, committed 25856K, reserved 1048576K
}
Event: 83.484 GC heap before
{Heap before GC invocations=101 (full 0):
 garbage-first heap   total 350208K, used 306957K [0x0000000080000000, 0x0000000100000000)
  region size 1024K, 25 young (25600K), 4 survivors (4096K)
 Metaspace       used 178560K, committed 180032K, reserved 1245184K
  class space    used 25123K, committed 25856K, reserved 1048576K
}
Event: 83.487 GC heap after
{Heap after GC invocations=102 (full 0):
 garbage-first heap   total 350208K, used 287716K [0x0000000080000000, 0x0000000100000000)
  region size 1024K, 3 young (3072K), 3 survivors (3072K)
 Metaspace       used 178560K, committed 180032K, reserved 1245184K
  class space    used 25123K, committed 25856K, reserved 1048576K
}
Event: 100.165 GC heap before
{Heap before GC invocations=102 (full 0):
 garbage-first heap   total 350208K, used 307172K [0x0000000080000000, 0x0000000100000000)
  region size 1024K, 22 young (22528K), 3 survivors (3072K)
 Metaspace       used 178605K, committed 180096K, reserved 1245184K
  class space    used 25124K, committed 25856K, reserved 1048576K
}
Event: 100.168 GC heap after
{Heap after GC invocations=103 (full 0):
 garbage-first heap   total 350208K, used 289075K [0x0000000080000000, 0x0000000100000000)
  region size 1024K, 2 young (2048K), 2 survivors (2048K)
 Metaspace       used 178605K, committed 180096K, reserved 1245184K
  class space    used 25124K, committed 25856K, reserved 1048576K
}
Event: 100.258 GC heap before
{Heap before GC invocations=103 (full 0):
 garbage-first heap   total 350208K, used 307507K [0x0000000080000000, 0x0000000100000000)
  region size 1024K, 20 young (20480K), 2 survivors (2048K)
 Metaspace       used 178615K, committed 180096K, reserved 1245184K
  class space    used 25124K, committed 25856K, reserved 1048576K
}
Event: 100.261 GC heap after
{Heap after GC invocations=104 (full 0):
 garbage-first heap   total 350208K, used 290590K [0x0000000080000000, 0x0000000100000000)
  region size 1024K, 3 young (3072K), 3 survivors (3072K)
 Metaspace       used 178615K, committed 180096K, reserved 1245184K
  class space    used 25124K, committed 25856K, reserved 1048576K
}
Event: 100.379 GC heap before
{Heap before GC invocations=104 (full 0):
 garbage-first heap   total 350208K, used 307998K [0x0000000080000000, 0x0000000100000000)
  region size 1024K, 20 young (20480K), 3 survivors (3072K)
 Metaspace       used 178732K, committed 180160K, reserved 1245184K
  class space    used 25127K, committed 25856K, reserved 1048576K
}
Event: 100.383 GC heap after
{Heap after GC invocations=105 (full 0):
 garbage-first heap   total 350208K, used 293540K [0x0000000080000000, 0x0000000100000000)
  region size 1024K, 3 young (3072K), 3 survivors (3072K)
 Metaspace       used 178732K, committed 180160K, reserved 1245184K
  class space    used 25127K, committed 25856K, reserved 1048576K
}
Event: 100.541 GC heap before
{Heap before GC invocations=105 (full 0):
 garbage-first heap   total 350208K, used 307876K [0x0000000080000000, 0x0000000100000000)
  region size 1024K, 17 young (17408K), 3 survivors (3072K)
 Metaspace       used 178967K, committed 180480K, reserved 1245184K
  class space    used 25156K, committed 25920K, reserved 1048576K
}
Event: 100.544 GC heap after
{Heap after GC invocations=106 (full 0):
 garbage-first heap   total 350208K, used 295587K [0x0000000080000000, 0x0000000100000000)
  region size 1024K, 3 young (3072K), 3 survivors (3072K)
 Metaspace       used 178967K, committed 180480K, reserved 1245184K
  class space    used 25156K, committed 25920K, reserved 1048576K
}
Event: 100.777 GC heap before
{Heap before GC invocations=106 (full 0):
 garbage-first heap   total 350208K, used 308899K [0x0000000080000000, 0x0000000100000000)
  region size 1024K, 17 young (17408K), 3 survivors (3072K)
 Metaspace       used 179122K, committed 180608K, reserved 1245184K
  class space    used 25165K, committed 25920K, reserved 1048576K
}
Event: 100.780 GC heap after
{Heap after GC invocations=107 (full 0):
 garbage-first heap   total 350208K, used 297616K [0x0000000080000000, 0x0000000100000000)
  region size 1024K, 2 young (2048K), 2 survivors (2048K)
 Metaspace       used 179122K, committed 180608K, reserved 1245184K
  class space    used 25165K, committed 25920K, reserved 1048576K
}
Event: 101.018 GC heap before
{Heap before GC invocations=107 (full 0):
 garbage-first heap   total 350208K, used 311952K [0x0000000080000000, 0x0000000100000000)
  region size 1024K, 17 young (17408K), 2 survivors (2048K)
 Metaspace       used 179219K, committed 180672K, reserved 1245184K
  class space    used 25165K, committed 25920K, reserved 1048576K
}
Event: 101.022 GC heap after
{Heap after GC invocations=108 (full 0):
 garbage-first heap   total 350208K, used 303523K [0x0000000080000000, 0x0000000100000000)
  region size 1024K, 3 young (3072K), 3 survivors (3072K)
 Metaspace       used 179219K, committed 180672K, reserved 1245184K
  class space    used 25165K, committed 25920K, reserved 1048576K
}
Event: 101.122 GC heap before
{Heap before GC invocations=108 (full 0):
 garbage-first heap   total 350208K, used 326051K [0x0000000080000000, 0x0000000100000000)
  region size 1024K, 17 young (17408K), 3 survivors (3072K)
 Metaspace       used 179235K, committed 180736K, reserved 1245184K
  class space    used 25165K, committed 25920K, reserved 1048576K
}
Event: 101.128 GC heap after
{Heap after GC invocations=109 (full 0):
 garbage-first heap   total 350208K, used 315471K [0x0000000080000000, 0x0000000100000000)
  region size 1024K, 3 young (3072K), 3 survivors (3072K)
 Metaspace       used 179235K, committed 180736K, reserved 1245184K
  class space    used 25165K, committed 25920K, reserved 1048576K
}
Event: 101.261 GC heap before
{Heap before GC invocations=109 (full 0):
 garbage-first heap   total 350208K, used 329807K [0x0000000080000000, 0x0000000100000000)
  region size 1024K, 17 young (17408K), 3 survivors (3072K)
 Metaspace       used 179265K, committed 180800K, reserved 1245184K
  class space    used 25165K, committed 25920K, reserved 1048576K
}
Event: 101.266 GC heap after
{Heap after GC invocations=110 (full 0):
 garbage-first heap   total 350208K, used 322463K [0x0000000080000000, 0x0000000100000000)
  region size 1024K, 3 young (3072K), 3 survivors (3072K)
 Metaspace       used 179265K, committed 180800K, reserved 1245184K
  class space    used 25165K, committed 25920K, reserved 1048576K
}

