# JRE version: OpenJDK Runtime Environment (17.0.7) (build 17.0.7+0-b2043.56-10550314)
# Java VM: OpenJDK 64-Bit Server VM (17.0.7+0-b2043.56-10550314, mixed mode, tiered, compressed oops, compressed class ptrs, g1 gc, windows-amd64)
GC Precious Log:
 CPUs: 12 total, 12 available
 Memory: 7520M
 Large Page Support: Disabled
 NUMA Support: Disabled
 Compressed Oops: Enabled (32-bit)
 Heap Region Size: 1M
 Heap Min Capacity: 8M
 Heap Initial Capacity: 118M
 Heap Max Capacity: 1882M
 Pre-touch: Disabled
 Parallel Workers: 10
 Concurrent Workers: 3
 Concurrent Refinement Workers: 10
 Periodic GC: Disabled
Heap:
 garbage-first heap   total 120832K, used 49804K [0x000000008a600000, 0x0000000100000000)
  region size 1024K, 1 young (1024K), 1 survivors (1024K)
 Metaspace       used 72710K, committed 72960K, reserved 1114112K
  class space    used 8638K, committed 8768K, reserved 1048576K
GC Heap History (20 events):
Event: 3.186 GC heap after
{Heap after GC invocations=12 (full 0):
 garbage-first heap   total 71680K, used 30192K [0x000000008a600000, 0x0000000100000000)
  region size 1024K, 3 young (3072K), 3 survivors (3072K)
 Metaspace       used 46727K, committed 46976K, reserved 1114112K
  class space    used 5714K, committed 5824K, reserved 1048576K
}
Event: 3.389 GC heap before
{Heap before GC invocations=12 (full 0):
 garbage-first heap   total 71680K, used 53744K [0x000000008a600000, 0x0000000100000000)
  region size 1024K, 26 young (26624K), 3 survivors (3072K)
 Metaspace       used 48451K, committed 48704K, reserved 1114112K
  class space    used 5909K, committed 6016K, reserved 1048576K
}
Event: 3.395 GC heap after
{Heap after GC invocations=13 (full 0):
 garbage-first heap   total 71680K, used 33167K [0x000000008a600000, 0x0000000100000000)
  region size 1024K, 3 young (3072K), 3 survivors (3072K)
 Metaspace       used 48451K, committed 48704K, reserved 1114112K
  class space    used 5909K, committed 6016K, reserved 1048576K
}
Event: 3.725 GC heap before
{Heap before GC invocations=13 (full 0):
 garbage-first heap   total 71680K, used 54671K [0x000000008a600000, 0x0000000100000000)
  region size 1024K, 24 young (24576K), 3 survivors (3072K)
 Metaspace       used 51761K, committed 51968K, reserved 1114112K
  class space    used 6250K, committed 6336K, reserved 1048576K
}
Event: 3.733 GC heap after
{Heap after GC invocations=14 (full 0):
 garbage-first heap   total 71680K, used 35877K [0x000000008a600000, 0x0000000100000000)
  region size 1024K, 3 young (3072K), 3 survivors (3072K)
 Metaspace       used 51761K, committed 51968K, reserved 1114112K
  class space    used 6250K, committed 6336K, reserved 1048576K
}
Event: 4.010 GC heap before
{Heap before GC invocations=14 (full 0):
 garbage-first heap   total 71680K, used 55333K [0x000000008a600000, 0x0000000100000000)
  region size 1024K, 22 young (22528K), 3 survivors (3072K)
 Metaspace       used 52348K, committed 52544K, reserved 1114112K
  class space    used 6263K, committed 6336K, reserved 1048576K
}
Event: 4.018 GC heap after
{Heap after GC invocations=15 (full 0):
 garbage-first heap   total 71680K, used 39403K [0x000000008a600000, 0x0000000100000000)
  region size 1024K, 3 young (3072K), 3 survivors (3072K)
 Metaspace       used 52348K, committed 52544K, reserved 1114112K
  class space    used 6263K, committed 6336K, reserved 1048576K
}
Event: 4.218 GC heap before
{Heap before GC invocations=16 (full 0):
 garbage-first heap   total 71680K, used 55787K [0x000000008a600000, 0x0000000100000000)
  region size 1024K, 19 young (19456K), 3 survivors (3072K)
 Metaspace       used 52804K, committed 53056K, reserved 1114112K
  class space    used 6313K, committed 6400K, reserved 1048576K
}
Event: 4.227 GC heap after
{Heap after GC invocations=17 (full 0):
 garbage-first heap   total 92160K, used 42538K [0x000000008a600000, 0x0000000100000000)
  region size 1024K, 3 young (3072K), 3 survivors (3072K)
 Metaspace       used 52804K, committed 53056K, reserved 1114112K
  class space    used 6313K, committed 6400K, reserved 1048576K
}
Event: 4.231 GC heap before
{Heap before GC invocations=17 (full 0):
 garbage-first heap   total 92160K, used 43562K [0x000000008a600000, 0x0000000100000000)
  region size 1024K, 4 young (4096K), 3 survivors (3072K)
 Metaspace       used 52808K, committed 53056K, reserved 1114112K
  class space    used 6313K, committed 6400K, reserved 1048576K
}
Event: 4.237 GC heap after
{Heap after GC invocations=18 (full 0):
 garbage-first heap   total 92160K, used 39505K [0x000000008a600000, 0x0000000100000000)
  region size 1024K, 1 young (1024K), 1 survivors (1024K)
 Metaspace       used 52808K, committed 53056K, reserved 1114112K
  class space    used 6313K, committed 6400K, reserved 1048576K
}
Event: 4.757 GC heap before
{Heap before GC invocations=18 (full 0):
 garbage-first heap   total 92160K, used 69201K [0x000000008a600000, 0x0000000100000000)
  region size 1024K, 30 young (30720K), 1 survivors (1024K)
 Metaspace       used 58500K, committed 58752K, reserved 1114112K
  class space    used 7136K, committed 7232K, reserved 1048576K
}
Event: 4.762 GC heap after
{Heap after GC invocations=19 (full 0):
 garbage-first heap   total 92160K, used 40970K [0x000000008a600000, 0x0000000100000000)
  region size 1024K, 2 young (2048K), 2 survivors (2048K)
 Metaspace       used 58500K, committed 58752K, reserved 1114112K
  class space    used 7136K, committed 7232K, reserved 1048576K
}
Event: 5.454 GC heap before
{Heap before GC invocations=19 (full 0):
 garbage-first heap   total 92160K, used 70666K [0x000000008a600000, 0x0000000100000000)
  region size 1024K, 31 young (31744K), 2 survivors (2048K)
 Metaspace       used 63190K, committed 63488K, reserved 1114112K
  class space    used 7653K, committed 7808K, reserved 1048576K
}
Event: 5.462 GC heap after
{Heap after GC invocations=20 (full 0):
 garbage-first heap   total 92160K, used 45140K [0x000000008a600000, 0x0000000100000000)
  region size 1024K, 4 young (4096K), 4 survivors (4096K)
 Metaspace       used 63190K, committed 63488K, reserved 1114112K
  class space    used 7653K, committed 7808K, reserved 1048576K
}
Event: 5.925 GC heap before
{Heap before GC invocations=20 (full 0):
 garbage-first heap   total 92160K, used 71764K [0x000000008a600000, 0x0000000100000000)
  region size 1024K, 30 young (30720K), 4 survivors (4096K)
 Metaspace       used 67468K, committed 67712K, reserved 1114112K
  class space    used 8048K, committed 8192K, reserved 1048576K
}
Event: 5.933 GC heap after
{Heap after GC invocations=21 (full 0):
 garbage-first heap   total 92160K, used 47924K [0x000000008a600000, 0x0000000100000000)
  region size 1024K, 3 young (3072K), 3 survivors (3072K)
 Metaspace       used 67468K, committed 67712K, reserved 1114112K
  class space    used 8048K, committed 8192K, reserved 1048576K
}
Event: 6.412 GC heap before
{Heap before GC invocations=22 (full 0):
 garbage-first heap   total 92160K, used 71476K [0x000000008a600000, 0x0000000100000000)
  region size 1024K, 27 young (27648K), 3 survivors (3072K)
 Metaspace       used 72235K, committed 72512K, reserved 1114112K
  class space    used 8602K, committed 8768K, reserved 1048576K
}
Event: 6.420 GC heap after
{Heap after GC invocations=23 (full 0):
 garbage-first heap   total 92160K, used 49928K [0x000000008a600000, 0x0000000100000000)
  region size 1024K, 2 young (2048K), 2 survivors (2048K)
 Metaspace       used 72235K, committed 72512K, reserved 1114112K
  class space    used 8602K, committed 8768K, reserved 1048576K
}
Event: 6.451 GC heap before
{Heap before GC invocations=23 (full 0):
 garbage-first heap   total 92160K, used 50952K [0x000000008a600000, 0x0000000100000000)
  region size 1024K, 4 young (4096K), 2 survivors (2048K)
 Metaspace       used 72710K, committed 72960K, reserved 1114112K
  class space    used 8638K, committed 8768K, reserved 1048576K
}

